source_code/app/build/outputs/apk/manifest-merger-debug-report.txt
-- Merging decision tree log ---
manifest
ADDED from AndroidManifest.xml:2:1
	xmlns:android
		ADDED from AndroidManifest.xml:2:11
	package
		ADDED from AndroidManifest.xml:3:5
		INJECTED from AndroidManifest.xml:0:0
		INJECTED from AndroidManifest.xml:0:0
	android:versionName
		INJECTED from AndroidManifest.xml:0:0
		INJECTED from AndroidManifest.xml:0:0
	android:versionCode
		INJECTED from AndroidManifest.xml:0:0
		INJECTED from AndroidManifest.xml:0:0
application
ADDED from AndroidManifest.xml:5:5
MERGED from com.android.support:appcompat-v7:21.0.3:16:5
MERGED from com.android.support:support-v4:21.0.3:16:5
MERGED from com.jjoe64:graphview:4.0.0:11:5
MERGED from com.android.support:appcompat-v7:21.0.3:16:5
MERGED from com.android.support:support-v4:21.0.3:16:5
MERGED from com.android.support:support-v4:21.0.3:16:5
	android:label
		ADDED from AndroidManifest.xml:8:9
	android:allowBackup
		ADDED from AndroidManifest.xml:6:9
	android:icon
		ADDED from AndroidManifest.xml:7:9
	android:theme
		ADDED from AndroidManifest.xml:9:9
activity#com.gaurav.android.rplace.Rplace
ADDED from AndroidManifest.xml:10:9
	android:screenOrientation
		ADDED from AndroidManifest.xml:13:13
	android:label
		ADDED from AndroidManifest.xml:12:13
	android:theme
		ADDED from AndroidManifest.xml:14:13
	android:name
		ADDED from AndroidManifest.xml:11:13
activity#com.gaurav.android.rplace.add_student
ADDED from AndroidManifest.xml:17:9
	android:screenOrientation
		ADDED from AndroidManifest.xml:21:13
	android:label
		ADDED from AndroidManifest.xml:19:13
	android:theme
		ADDED from AndroidManifest.xml:22:13
	android:parentActivityName
		ADDED from AndroidManifest.xml:20:13
	android:name
		ADDED from AndroidManifest.xml:18:13
meta-data#android.support.PARENT_ACTIVITY
ADDED from AndroidManifest.xml:23:13
	android:name
		ADDED from AndroidManifest.xml:24:17
	android:value
		ADDED from AndroidManifest.xml:25:17
activity#com.gaurav.android.rplace.RemoveStudent
ADDED from AndroidManifest.xml:27:9
	android:screenOrientation
		ADDED from AndroidManifest.xml:31:13
	android:label
		ADDED from AndroidManifest.xml:29:13
	android:theme
		ADDED from AndroidManifest.xml:32:13
	android:parentActivityName
		ADDED from AndroidManifest.xml:30:13
	android:name
		ADDED from AndroidManifest.xml:28:13
activity#com.gaurav.android.rplace.Display
ADDED from AndroidManifest.xml:37:9
	android:label
		ADDED from AndroidManifest.xml:39:13
	android:theme
		ADDED from AndroidManifest.xml:41:13
	android:parentActivityName
		ADDED from AndroidManifest.xml:40:13
	android:name
		ADDED from AndroidManifest.xml:38:13
activity#com.gaurav.android.rplace.GUIView
ADDED from AndroidManifest.xml:46:9
	android:screenOrientation
		ADDED from AndroidManifest.xml:50:13
	android:label
		ADDED from AndroidManifest.xml:48:13
	android:theme
		ADDED from AndroidManifest.xml:51:13
	android:parentActivityName
		ADDED from AndroidManifest.xml:49:13
	android:name
		ADDED from AndroidManifest.xml:47:13
activity#com.gaurav.android.rplace.add_main_gateway
ADDED from AndroidManifest.xml:56:9
	android:screenOrientation
		ADDED from AndroidManifest.xml:60:13
	android:label
		ADDED from AndroidManifest.xml:58:13
	android:theme
		ADDED from AndroidManifest.xml:61:13
	android:parentActivityName
		ADDED from AndroidManifest.xml:59:13
	android:name
		ADDED from AndroidManifest.xml:57:13
activity#com.gaurav.android.rplace.RemoveGateway
ADDED from AndroidManifest.xml:66:9
	android:screenOrientation
		ADDED from AndroidManifest.xml:70:13
	android:label
		ADDED from AndroidManifest.xml:68:13
	android:theme
		ADDED from AndroidManifest.xml:71:13
	android:parentActivityName
		ADDED from AndroidManifest.xml:69:13
	android:name
		ADDED from AndroidManifest.xml:67:13
activity#com.gaurav.android.rplace.ViewGateway
ADDED from AndroidManifest.xml:76:9
	android:screenOrientation
		ADDED from AndroidManifest.xml:80:13
	android:label
		ADDED from AndroidManifest.xml:78:13
	android:theme
		ADDED from AndroidManifest.xml:81:13
	android:parentActivityName
		ADDED from AndroidManifest.xml:79:13
	android:name
		ADDED from AndroidManifest.xml:77:13
activity#com.gaurav.android.rplace.AdvancedSettings
ADDED from AndroidManifest.xml:87:9
	android:screenOrientation
		ADDED from AndroidManifest.xml:91:13
	android:label
		ADDED from AndroidManifest.xml:89:13
	android:theme
		ADDED from AndroidManifest.xml:92:13
	android:parentActivityName
		ADDED from AndroidManifest.xml:90:13
	android:name
		ADDED from AndroidManifest.xml:88:13
activity#com.gaurav.android.rplace.HomeFullscreenActivity
ADDED from AndroidManifest.xml:98:9
	android:label
		ADDED from AndroidManifest.xml:101:13
	android:configChanges
		ADDED from AndroidManifest.xml:100:13
	android:theme
		ADDED from AndroidManifest.xml:102:13
	android:name
		ADDED from AndroidManifest.xml:99:13
activity#com.gaurav.android.rplace.company_add
ADDED from AndroidManifest.xml:104:9
	android:label
		ADDED from AndroidManifest.xml:106:13
	android:theme
		ADDED from AndroidManifest.xml:108:13
	android:parentActivityName
		ADDED from AndroidManifest.xml:107:13
	android:name
		ADDED from AndroidManifest.xml:105:13
activity#com.gaurav.android.rplace.add_previous_data
ADDED from AndroidManifest.xml:113:9
	android:label
		ADDED from AndroidManifest.xml:115:13
	android:parentActivityName
		ADDED from AndroidManifest.xml:116:13
	android:name
		ADDED from AndroidManifest.xml:114:13
activity#com.gaurav.android.rplace.RemoveCompany
ADDED from AndroidManifest.xml:121:9
	android:label
		ADDED from AndroidManifest.xml:123:13
	android:theme
		ADDED from AndroidManifest.xml:125:13
	android:parentActivityName
		ADDED from AndroidManifest.xml:124:13
	android:name
		ADDED from AndroidManifest.xml:122:13
activity#com.gaurav.android.rplace.removePreviousData
ADDED from AndroidManifest.xml:131:9
	android:label
		ADDED from AndroidManifest.xml:133:13
	android:theme
		ADDED from AndroidManifest.xml:135:13
	android:parentActivityName
		ADDED from AndroidManifest.xml:134:13
	android:name
		ADDED from AndroidManifest.xml:132:13
activity#com.gaurav.android.rplace.ViewData
ADDED from AndroidManifest.xml:140:9
	android:screenOrientation
		ADDED from AndroidManifest.xml:144:13
	android:label
		ADDED from AndroidManifest.xml:142:13
	android:theme
		ADDED from AndroidManifest.xml:145:13
	android:parentActivityName
		ADDED from AndroidManifest.xml:143:13
	android:name
		ADDED from AndroidManifest.xml:141:13
activity#org.achartengine.GraphicalActivity
ADDED from AndroidManifest.xml:150:9
	android:name
		ADDED from AndroidManifest.xml:150:19
activity#com.gaurav.android.rplace.SplashActivity
ADDED from AndroidManifest.xml:151:9
	android:screenOrientation
		ADDED from AndroidManifest.xml:155:13
	android:label
		ADDED from AndroidManifest.xml:153:13
	android:theme
		ADDED from AndroidManifest.xml:154:13
	android:name
		ADDED from AndroidManifest.xml:152:13
intent-filter#android.intent.action.MAIN+android.intent.category.LAUNCHER
ADDED from AndroidManifest.xml:156:13
action#android.intent.action.MAIN
ADDED from AndroidManifest.xml:157:17
	android:name
		ADDED from AndroidManifest.xml:157:25
category#android.intent.category.LAUNCHER
ADDED from AndroidManifest.xml:160:17
	android:name
		ADDED from AndroidManifest.xml:160:27
activity#com.gaurav.android.rplace.AboutApp
ADDED from AndroidManifest.xml:163:9
	android:label
		ADDED from AndroidManifest.xml:165:13
	android:theme
		ADDED from AndroidManifest.xml:167:13
	android:parentActivityName
		ADDED from AndroidManifest.xml:166:13
	android:name
		ADDED from AndroidManifest.xml:164:13
uses-sdk
INJECTED from AndroidManifest.xml:0:0 reason: use-sdk injection requested
MERGED from com.android.support:appcompat-v7:21.0.3:15:5
MERGED from com.android.support:support-v4:21.0.3:15:5
MERGED from com.jjoe64:graphview:4.0.0:7:5
MERGED from com.android.support:appcompat-v7:21.0.3:15:5
MERGED from com.android.support:support-v4:21.0.3:15:5
MERGED from com.android.support:support-v4:21.0.3:15:5
	android:targetSdkVersion
		INJECTED from AndroidManifest.xml:0:0
		INJECTED from AndroidManifest.xml:0:0
	android:minSdkVersion
		INJECTED from AndroidManifest.xml:0:0
		INJECTED from AndroidManifest.xml:0:0